<?xml version="1.0" encoding="UTF-8"?>
<!-- Generated by org.testng.reporters.JUnitXMLReporter -->
<testsuite ignored="1" hostname="DESKTOP-FKR8P39" failures="0" tests="1" name="Default test" time="10.217" errors="0" timestamp="2025-03-31T22:31:28 IST">
  <testcase classname="com.pauseandshop.ecom.userTest.AddWishlist" name="AddProduct2Wishlisht" time="7.948"/>
  <testcase classname="com.pauseandshop.ecom.userTest.AddWishlist" name="TrackOrderTest" time="0.0">
    <ignored/>
  </testcase> <!-- TrackOrderTest -->
</testsuite> <!-- Default test -->
