<?xml version="1.0" encoding="UTF-8"?>
<!-- Generated by org.testng.reporters.JUnitXMLReporter -->
<testsuite ignored="1" hostname="DESKTOP-FKR8P39" failures="0" tests="1" name="Default test" time="21.977" errors="0" timestamp="2025-04-01T11:24:47 IST">
  <testcase classname="com.pauseandshop.ecom.userTest.AddWishlist" name="TrackOrderTest" time="19.754"/>
  <testcase classname="com.pauseandshop.ecom.userTest.AddWishlist" name="AddProduct2Wishlisht" time="0.0">
    <ignored/>
  </testcase> <!-- AddProduct2Wishlisht -->
</testsuite> <!-- Default test -->
