<?xml version="1.0" encoding="UTF-8"?>
<testng-results ignored="1" total="2" passed="1" failed="0" skipped="0">
  <reporter-output>
  </reporter-output>
  <suite started-at="2025-03-31T22:31:18 IST" name="Default suite" finished-at="2025-03-31T22:31:28 IST" duration-ms="10217">
    <groups>
      <group name="smokeTest">
        <method signature="AddWishlist.AddProduct2Wishlisht()[pri:0, instance:com.pauseandshop.ecom.userTest.AddWishlist@14028087]" name="AddProduct2Wishlisht" class="com.pauseandshop.ecom.userTest.AddWishlist"/>
      </group> <!-- smokeTest -->
    </groups>
    <test started-at="2025-03-31T22:31:18 IST" name="Default test" finished-at="2025-03-31T22:31:28 IST" duration-ms="10217">
      <class name="com.pauseandshop.ecom.userTest.AddWishlist">
        <test-method is-config="true" signature="configBS()[pri:0, instance:com.pauseandshop.ecom.userTest.AddWishlist@14028087]" started-at="2025-03-31T22:31:17 IST" name="configBS" finished-at="2025-03-31T22:31:18 IST" duration-ms="757" status="PASS">
          <reporter-output>
          </reporter-output>
        </test-method> <!-- configBS -->
        <test-method is-config="true" signature="configBC()[pri:0, instance:com.pauseandshop.ecom.userTest.AddWishlist@14028087]" started-at="2025-03-31T22:31:18 IST" name="configBC" finished-at="2025-03-31T22:31:20 IST" duration-ms="1971" status="PASS">
          <reporter-output>
          </reporter-output>
        </test-method> <!-- configBC -->
        <test-method is-config="true" signature="configBM()[pri:0, instance:com.pauseandshop.ecom.userTest.AddWishlist@14028087]" started-at="2025-03-31T22:31:20 IST" name="configBM" finished-at="2025-03-31T22:31:20 IST" duration-ms="0" status="PASS">
          <reporter-output>
          </reporter-output>
        </test-method> <!-- configBM -->
        <test-method signature="AddProduct2Wishlisht()[pri:0, instance:com.pauseandshop.ecom.userTest.AddWishlist@14028087]" started-at="2025-03-31T22:31:20 IST" name="AddProduct2Wishlisht" finished-at="2025-03-31T22:31:28 IST" duration-ms="7948" status="PASS">
          <reporter-output>
          </reporter-output>
        </test-method> <!-- AddProduct2Wishlisht -->
        <test-method is-config="true" signature="configAM()[pri:0, instance:com.pauseandshop.ecom.userTest.AddWishlist@14028087]" started-at="2025-03-31T22:31:28 IST" name="configAM" finished-at="2025-03-31T22:31:28 IST" duration-ms="0" status="PASS">
          <reporter-output>
          </reporter-output>
        </test-method> <!-- configAM -->
        <test-method is-config="true" signature="configAC()[pri:0, instance:com.pauseandshop.ecom.userTest.AddWishlist@14028087]" started-at="2025-03-31T22:31:28 IST" name="configAC" finished-at="2025-03-31T22:31:28 IST" duration-ms="235" status="PASS">
          <reporter-output>
          </reporter-output>
        </test-method> <!-- configAC -->
        <test-method is-config="true" signature="configAS()[pri:0, instance:com.pauseandshop.ecom.userTest.AddWishlist@14028087]" started-at="2025-03-31T22:31:28 IST" name="configAS" finished-at="2025-03-31T22:31:28 IST" duration-ms="1" status="PASS">
          <reporter-output>
          </reporter-output>
        </test-method> <!-- configAS -->
      </class> <!-- com.pauseandshop.ecom.userTest.AddWishlist -->
    </test> <!-- Default test -->
  </suite> <!-- Default suite -->
</testng-results>
